2018-10-17 12:39:58 [scrapy.utils.log] INFO: Scrapy 1.5.1 started (bot: urpspider)
2018-10-17 12:39:58 [scrapy.utils.log] INFO: Versions: lxml 4.2.1.0, libxml2 2.9.5, cssselect 1.0.3, parsel 1.5.0, w3lib 1.19.0, Twisted 18.7.0, Python 3.6.2 (v3.6.2:5fd33b5, Jul  8 2017, 04:57:36) [MSC v.1900 64 bit (AMD64)], pyOpenSSL 18.0.0 (OpenSSL 1.1.0i  14 Aug 2018), cryptography 2.3.1, Platform Windows-10-10.0.16299-SP0
2018-10-17 12:39:58 [scrapy.crawler] INFO: Overridden settings: {'BOT_NAME': 'urpspider', 'CONCURRENT_REQUESTS_PER_IP': 1, 'DOWNLOAD_DELAY': 3, 'DOWNLOAD_TIMEOUT': 100, 'LOG_FILE': 'logs\\urpspider\\urplogin\\aeb54068d1c611e89869c83dd48af256.log', 'NEWSPIDER_MODULE': 'urpspider.spiders', 'ROBOTSTXT_OBEY': True, 'SPIDER_MODULES': ['urpspider.spiders']}
2018-10-17 12:39:58 [scrapy.middleware] INFO: Enabled extensions:
['scrapy.extensions.corestats.CoreStats',
 'scrapy.extensions.telnet.TelnetConsole',
 'scrapy.extensions.logstats.LogStats']
2018-10-17 12:39:58 [scrapy.middleware] INFO: Enabled downloader middlewares:
['scrapy.downloadermiddlewares.robotstxt.RobotsTxtMiddleware',
 'scrapy.downloadermiddlewares.httpauth.HttpAuthMiddleware',
 'scrapy.downloadermiddlewares.downloadtimeout.DownloadTimeoutMiddleware',
 'scrapy.downloadermiddlewares.defaultheaders.DefaultHeadersMiddleware',
 'scrapy.downloadermiddlewares.useragent.UserAgentMiddleware',
 'scrapy.downloadermiddlewares.retry.RetryMiddleware',
 'scrapy.downloadermiddlewares.redirect.MetaRefreshMiddleware',
 'scrapy.downloadermiddlewares.httpcompression.HttpCompressionMiddleware',
 'scrapy.downloadermiddlewares.redirect.RedirectMiddleware',
 'scrapy.downloadermiddlewares.cookies.CookiesMiddleware',
 'scrapy.downloadermiddlewares.httpproxy.HttpProxyMiddleware',
 'scrapy.downloadermiddlewares.stats.DownloaderStats']
2018-10-17 12:39:58 [scrapy.middleware] INFO: Enabled spider middlewares:
['scrapy.spidermiddlewares.httperror.HttpErrorMiddleware',
 'scrapy.spidermiddlewares.offsite.OffsiteMiddleware',
 'scrapy.spidermiddlewares.referer.RefererMiddleware',
 'scrapy.spidermiddlewares.urllength.UrlLengthMiddleware',
 'scrapy.spidermiddlewares.depth.DepthMiddleware']
2018-10-17 12:39:58 [scrapy.middleware] INFO: Enabled item pipelines:
[]
2018-10-17 12:39:58 [scrapy.core.engine] INFO: Spider opened
2018-10-17 12:39:58 [scrapy.extensions.logstats] INFO: Crawled 0 pages (at 0 pages/min), scraped 0 items (at 0 items/min)
2018-10-17 12:39:58 [scrapy.extensions.telnet] DEBUG: Telnet console listening on 127.0.0.1:6023
2018-10-17 12:39:58 [scrapy.core.engine] DEBUG: Crawled (404) <GET http://zhjw.scu.edu.cn/robots.txt> (referer: None)
2018-10-17 12:39:58 [scrapy.core.engine] DEBUG: Crawled (200) <GET http://zhjw.scu.edu.cn/login> (referer: None)
2018-10-17 12:40:02 [scrapy.downloadermiddlewares.redirect] DEBUG: Redirecting (302) to <GET http://zhjw.scu.edu.cn/index.jsp> from <POST http://zhjw.scu.edu.cn/j_spring_security_check>
2018-10-17 12:40:07 [scrapy.core.engine] DEBUG: Crawled (200) <GET http://zhjw.scu.edu.cn/index.jsp> (referer: http://zhjw.scu.edu.cn/login)
2018-10-17 12:40:11 [scrapy.core.engine] DEBUG: Crawled (200) <GET http://zhjw.scu.edu.cn/student/courseSelect/thisSemesterCurriculum/ajaxStudentSchedule/callback> (referer: http://zhjw.scu.edu.cn/index.jsp)
2018-10-17 12:40:11 [scrapy.core.scraper] DEBUG: Scraped from <200 http://zhjw.scu.edu.cn/student/courseSelect/thisSemesterCurriculum/ajaxStudentSchedule/callback>
{'attendClassTeacher': '陈文泽* ',
 'classDay': 2,
 'classSessions': 1,
 'classroomName': '江安综合楼C座C305',
 'continuingSession': 2,
 'courseName': '马克思主义基本原理概论',
 'weekDescription': '1-17周上'}
2018-10-17 12:40:11 [scrapy.core.scraper] DEBUG: Scraped from <200 http://zhjw.scu.edu.cn/student/courseSelect/thisSemesterCurriculum/ajaxStudentSchedule/callback>
{'attendClassTeacher': '张卫华* ',
 'classDay': 3,
 'classSessions': 5,
 'classroomName': '江安一教A座A207',
 'continuingSession': 3,
 'courseName': '数据结构与算法',
 'weekDescription': '1-16周上'}
2018-10-17 12:40:11 [scrapy.core.scraper] DEBUG: Scraped from <200 http://zhjw.scu.edu.cn/student/courseSelect/thisSemesterCurriculum/ajaxStudentSchedule/callback>
{'attendClassTeacher': '袁学东* ',
 'classDay': 1,
 'classSessions': 5,
 'classroomName': '江安一教C座C104',
 'continuingSession': 3,
 'courseName': '计算机组成和体系结构',
 'weekDescription': '1-16周上'}
2018-10-17 12:40:11 [scrapy.core.scraper] DEBUG: Scraped from <200 http://zhjw.scu.edu.cn/student/courseSelect/thisSemesterCurriculum/ajaxStudentSchedule/callback>
{'attendClassTeacher': '代术成* ',
 'classDay': 1,
 'classSessions': 1,
 'classroomName': '江安一教D座D404',
 'continuingSession': 3,
 'courseName': '离散数学',
 'weekDescription': '1-16周上'}
2018-10-17 12:40:11 [scrapy.core.scraper] DEBUG: Scraped from <200 http://zhjw.scu.edu.cn/student/courseSelect/thisSemesterCurriculum/ajaxStudentSchedule/callback>
{'attendClassTeacher': 'ty8* 许庆华 唐轩梅 易小东 李山花 计丽萍 孙景权 彭刚毅 罗西 谢胜 王晓均 董强 蔡舸 马亚丽 '
                       '胡毅非 邓静涛 余利容 卓岩 孙卫国 王炜 ',
 'classDay': 4,
 'classSessions': 5,
 'classroomName': '江安体育场体育场2号',
 'continuingSession': 2,
 'courseName': '体育-3',
 'weekDescription': '1-17周上'}
2018-10-17 12:40:11 [scrapy.core.scraper] DEBUG: Scraped from <200 http://zhjw.scu.edu.cn/student/courseSelect/thisSemesterCurriculum/ajaxStudentSchedule/callback>
{'attendClassTeacher': '王鹏* ',
 'classDay': 5,
 'classSessions': 8,
 'classroomName': '江安一教B座B204',
 'continuingSession': 2,
 'courseName': '形势与政策-3',
 'weekDescription': '3,5,7,9周上'}
2018-10-17 12:40:11 [scrapy.core.scraper] DEBUG: Scraped from <200 http://zhjw.scu.edu.cn/student/courseSelect/thisSemesterCurriculum/ajaxStudentSchedule/callback>
{'attendClassTeacher': '孙群* 邹方东 王健美 岳碧松 郭聪 ',
 'classDay': 5,
 'classSessions': 10,
 'classroomName': '江安综合楼C座C304',
 'continuingSession': 3,
 'courseName': '生物科学导论',
 'weekDescription': '2-13周'}
2018-10-17 12:40:11 [scrapy.core.scraper] DEBUG: Scraped from <200 http://zhjw.scu.edu.cn/student/courseSelect/thisSemesterCurriculum/ajaxStudentSchedule/callback>
{'attendClassTeacher': '刘悦* ',
 'classDay': 2,
 'classSessions': 5,
 'classroomName': '江安综合楼C座C207',
 'continuingSession': 3,
 'courseName': '平面图像设计（Photoshop篇）',
 'weekDescription': '2-13周'}
2018-10-17 12:40:11 [scrapy.core.scraper] DEBUG: Scraped from <200 http://zhjw.scu.edu.cn/student/courseSelect/thisSemesterCurriculum/ajaxStudentSchedule/callback>
{'attendClassTeacher': '谢谦* ',
 'classDay': 1,
 'classSessions': 10,
 'classroomName': '江安综合楼C座C207',
 'continuingSession': 3,
 'courseName': '中华文化（文学篇）',
 'weekDescription': '1-17周上'}
2018-10-17 12:40:11 [scrapy.core.scraper] DEBUG: Scraped from <200 http://zhjw.scu.edu.cn/student/courseSelect/thisSemesterCurriculum/ajaxStudentSchedule/callback>
{'attendClassTeacher': '刘爽* ',
 'classDay': 5,
 'classSessions': 1,
 'classroomName': '江安文科楼一区附楼108',
 'continuingSession': 2,
 'courseName': '大学英语（创意阅读）-3',
 'weekDescription': '1-17周上'}
2018-10-17 12:40:11 [scrapy.core.engine] INFO: Closing spider (finished)
2018-10-17 12:40:11 [scrapy.statscollectors] INFO: Dumping Scrapy stats:
{'downloader/request_bytes': 1623,
 'downloader/request_count': 5,
 'downloader/request_method_count/GET': 4,
 'downloader/request_method_count/POST': 1,
 'downloader/response_bytes': 128986,
 'downloader/response_count': 5,
 'downloader/response_status_count/200': 3,
 'downloader/response_status_count/302': 1,
 'downloader/response_status_count/404': 1,
 'finish_reason': 'finished',
 'finish_time': datetime.datetime(2018, 10, 17, 4, 40, 11, 772907),
 'item_scraped_count': 10,
 'log_count/DEBUG': 16,
 'log_count/INFO': 7,
 'request_depth_max': 2,
 'response_received_count': 4,
 'scheduler/dequeued': 4,
 'scheduler/dequeued/memory': 4,
 'scheduler/enqueued': 4,
 'scheduler/enqueued/memory': 4,
 'start_time': datetime.datetime(2018, 10, 17, 4, 39, 58, 338423)}
2018-10-17 12:40:11 [scrapy.core.engine] INFO: Spider closed (finished)
